
You are using a proportion of Invariable sites estimate, although I don't
like it. The likelihood epsilon "-f e" will be automatically lowered to 0.001
to avoid unfavorable effects caused by simultaneous optimization of alpha and P-Invar


This is RAxML version 8.2.10 released by Alexandros Stamatakis on March 2017.

With greatly appreciated code contributions by:
Andre Aberer      (HITS)
Simon Berger      (HITS)
Alexey Kozlov     (HITS)
Kassian Kobert    (HITS)
David Dao         (KIT and HITS)
Sarah Lutteropp   (KIT and HITS)
Nick Pattengale   (Sandia)
Wayne Pfeiffer    (SDSC)
Akifumi S. Tanabe (NRIFS)
Charlie Taylor    (UF)


Alignment has 446 distinct alignment patterns

Found 0 invariant alignment patterns that correspond to 0 columns 
Proportion of gaps and completely undetermined characters in this alignment: 22.97%

RAxML rapid bootstrapping and subsequent ML search

Using 1 distinct models/data partitions with joint branch length optimization



Executing 100 rapid bootstrap inferences and thereafter a thorough ML search 

All free model parameters will be estimated by RAxML
GAMMA+P-Invar model of rate heterogeneity, ML estimate of alpha-parameter

GAMMA+P-Invar Model parameters will be estimated up to an accuracy of 0.0010000000 Log Likelihood units

Partition: 0
Alignment Patterns: 446
Name: No Name Provided
DataType: AA
Substitution Matrix: WAG
Using empirical base frequencies




RAxML was called as follows:

../external/standard-RAxML-master/raxmlHPC-PTHREADS-AVX -T 20 -f a -m PROTGAMMAIWAGF -s MUSCLE_Glycopeptide_AT_domain.fasta.phy -p 15000 -x 16000 -#100 -n RaxML_MUSCLE_Glycopeptide_AT_domain.fasta.out 



Time for BS model parameter optimization 0.544167
Bootstrap[0]: Time 5.692609 seconds, bootstrap likelihood -31794.398783, best rearrangement setting 7
Bootstrap[1]: Time 3.787917 seconds, bootstrap likelihood -28801.107735, best rearrangement setting 7
Bootstrap[2]: Time 3.928998 seconds, bootstrap likelihood -30997.864684, best rearrangement setting 8
Bootstrap[3]: Time 3.565876 seconds, bootstrap likelihood -31514.938814, best rearrangement setting 7
Bootstrap[4]: Time 3.715361 seconds, bootstrap likelihood -32533.756987, best rearrangement setting 10
Bootstrap[5]: Time 3.598945 seconds, bootstrap likelihood -30597.271193, best rearrangement setting 9
Bootstrap[6]: Time 3.651911 seconds, bootstrap likelihood -29909.123996, best rearrangement setting 11
Bootstrap[7]: Time 3.800577 seconds, bootstrap likelihood -29791.945291, best rearrangement setting 9
Bootstrap[8]: Time 3.595740 seconds, bootstrap likelihood -33531.004491, best rearrangement setting 9
Bootstrap[9]: Time 3.486054 seconds, bootstrap likelihood -32434.265848, best rearrangement setting 6
Bootstrap[10]: Time 3.729195 seconds, bootstrap likelihood -29420.279425, best rearrangement setting 11
Bootstrap[11]: Time 3.503458 seconds, bootstrap likelihood -31274.301101, best rearrangement setting 15
Bootstrap[12]: Time 3.541037 seconds, bootstrap likelihood -30455.637636, best rearrangement setting 13
Bootstrap[13]: Time 3.453702 seconds, bootstrap likelihood -30955.194568, best rearrangement setting 5
Bootstrap[14]: Time 4.060273 seconds, bootstrap likelihood -30662.385898, best rearrangement setting 7
Bootstrap[15]: Time 3.611218 seconds, bootstrap likelihood -31523.898223, best rearrangement setting 10
Bootstrap[16]: Time 3.494521 seconds, bootstrap likelihood -29701.116488, best rearrangement setting 10
Bootstrap[17]: Time 4.170684 seconds, bootstrap likelihood -30372.463433, best rearrangement setting 7
Bootstrap[18]: Time 3.319173 seconds, bootstrap likelihood -28786.435034, best rearrangement setting 8
Bootstrap[19]: Time 3.395377 seconds, bootstrap likelihood -29686.476238, best rearrangement setting 10
Bootstrap[20]: Time 3.493369 seconds, bootstrap likelihood -29810.465715, best rearrangement setting 9
Bootstrap[21]: Time 3.725868 seconds, bootstrap likelihood -30125.505811, best rearrangement setting 7
Bootstrap[22]: Time 3.605592 seconds, bootstrap likelihood -29783.184015, best rearrangement setting 12
Bootstrap[23]: Time 3.502283 seconds, bootstrap likelihood -30187.225818, best rearrangement setting 8
Bootstrap[24]: Time 3.814031 seconds, bootstrap likelihood -31134.727819, best rearrangement setting 8
Bootstrap[25]: Time 4.043057 seconds, bootstrap likelihood -30962.886970, best rearrangement setting 15
Bootstrap[26]: Time 5.235167 seconds, bootstrap likelihood -30162.776921, best rearrangement setting 7
Bootstrap[27]: Time 5.587274 seconds, bootstrap likelihood -29737.421365, best rearrangement setting 7
Bootstrap[28]: Time 5.261991 seconds, bootstrap likelihood -31432.354826, best rearrangement setting 12
Bootstrap[29]: Time 4.576669 seconds, bootstrap likelihood -29281.048522, best rearrangement setting 15
Bootstrap[30]: Time 4.087244 seconds, bootstrap likelihood -31062.641119, best rearrangement setting 12
Bootstrap[31]: Time 3.835121 seconds, bootstrap likelihood -31803.134990, best rearrangement setting 15
Bootstrap[32]: Time 3.849244 seconds, bootstrap likelihood -29652.478958, best rearrangement setting 15
Bootstrap[33]: Time 3.730538 seconds, bootstrap likelihood -29644.421561, best rearrangement setting 8
Bootstrap[34]: Time 3.556110 seconds, bootstrap likelihood -31012.913688, best rearrangement setting 15
Bootstrap[35]: Time 3.497042 seconds, bootstrap likelihood -31223.704312, best rearrangement setting 15
Bootstrap[36]: Time 3.440825 seconds, bootstrap likelihood -30466.996955, best rearrangement setting 7
Bootstrap[37]: Time 3.748902 seconds, bootstrap likelihood -31498.500201, best rearrangement setting 5
Bootstrap[38]: Time 3.481298 seconds, bootstrap likelihood -32156.095307, best rearrangement setting 6
Bootstrap[39]: Time 3.508667 seconds, bootstrap likelihood -30013.360431, best rearrangement setting 8
Bootstrap[40]: Time 3.845642 seconds, bootstrap likelihood -32329.705046, best rearrangement setting 5
Bootstrap[41]: Time 3.683088 seconds, bootstrap likelihood -33083.045829, best rearrangement setting 5
Bootstrap[42]: Time 3.919839 seconds, bootstrap likelihood -30993.938616, best rearrangement setting 8
Bootstrap[43]: Time 4.143842 seconds, bootstrap likelihood -30786.654195, best rearrangement setting 6
Bootstrap[44]: Time 3.579266 seconds, bootstrap likelihood -31130.285612, best rearrangement setting 15
Bootstrap[45]: Time 4.051939 seconds, bootstrap likelihood -29960.830847, best rearrangement setting 13
Bootstrap[46]: Time 3.747024 seconds, bootstrap likelihood -29397.995514, best rearrangement setting 14
Bootstrap[47]: Time 3.659762 seconds, bootstrap likelihood -29052.951844, best rearrangement setting 6
Bootstrap[48]: Time 3.947832 seconds, bootstrap likelihood -31961.551137, best rearrangement setting 14
Bootstrap[49]: Time 3.488969 seconds, bootstrap likelihood -30420.896404, best rearrangement setting 9
Bootstrap[50]: Time 3.919704 seconds, bootstrap likelihood -30501.645887, best rearrangement setting 6
Bootstrap[51]: Time 3.889298 seconds, bootstrap likelihood -30274.977296, best rearrangement setting 7
Bootstrap[52]: Time 3.679944 seconds, bootstrap likelihood -30795.335076, best rearrangement setting 5
Bootstrap[53]: Time 3.844001 seconds, bootstrap likelihood -30764.217986, best rearrangement setting 7
Bootstrap[54]: Time 3.917420 seconds, bootstrap likelihood -30997.633910, best rearrangement setting 14
Bootstrap[55]: Time 3.565567 seconds, bootstrap likelihood -31853.375501, best rearrangement setting 8
Bootstrap[56]: Time 3.529785 seconds, bootstrap likelihood -30152.354982, best rearrangement setting 13
Bootstrap[57]: Time 3.626627 seconds, bootstrap likelihood -31604.696779, best rearrangement setting 11
Bootstrap[58]: Time 4.936915 seconds, bootstrap likelihood -29524.984398, best rearrangement setting 6
Bootstrap[59]: Time 5.698045 seconds, bootstrap likelihood -31082.165253, best rearrangement setting 9
Bootstrap[60]: Time 5.909010 seconds, bootstrap likelihood -30871.357772, best rearrangement setting 5
Bootstrap[61]: Time 5.652326 seconds, bootstrap likelihood -30832.393528, best rearrangement setting 6
Bootstrap[62]: Time 5.671911 seconds, bootstrap likelihood -32500.581197, best rearrangement setting 15
Bootstrap[63]: Time 5.589965 seconds, bootstrap likelihood -30967.476420, best rearrangement setting 10
Bootstrap[64]: Time 5.373268 seconds, bootstrap likelihood -29224.719685, best rearrangement setting 12
Bootstrap[65]: Time 6.934592 seconds, bootstrap likelihood -30318.177357, best rearrangement setting 15
Bootstrap[66]: Time 5.632213 seconds, bootstrap likelihood -31986.043983, best rearrangement setting 6
Bootstrap[67]: Time 6.075506 seconds, bootstrap likelihood -31396.025510, best rearrangement setting 6
Bootstrap[68]: Time 5.503557 seconds, bootstrap likelihood -28765.989883, best rearrangement setting 11
Bootstrap[69]: Time 5.719516 seconds, bootstrap likelihood -32179.356365, best rearrangement setting 14
Bootstrap[70]: Time 6.794032 seconds, bootstrap likelihood -30963.688487, best rearrangement setting 9
Bootstrap[71]: Time 6.110637 seconds, bootstrap likelihood -30094.585751, best rearrangement setting 6
Bootstrap[72]: Time 6.439004 seconds, bootstrap likelihood -30202.673432, best rearrangement setting 8
Bootstrap[73]: Time 5.999955 seconds, bootstrap likelihood -32944.997058, best rearrangement setting 7
Bootstrap[74]: Time 6.533412 seconds, bootstrap likelihood -30726.135440, best rearrangement setting 6
Bootstrap[75]: Time 5.707811 seconds, bootstrap likelihood -29714.423426, best rearrangement setting 9
Bootstrap[76]: Time 5.736717 seconds, bootstrap likelihood -30377.077520, best rearrangement setting 15
Bootstrap[77]: Time 6.835387 seconds, bootstrap likelihood -32001.868939, best rearrangement setting 9
Bootstrap[78]: Time 6.555069 seconds, bootstrap likelihood -32172.101243, best rearrangement setting 15
Bootstrap[79]: Time 5.928443 seconds, bootstrap likelihood -29091.131567, best rearrangement setting 13
Bootstrap[80]: Time 5.848734 seconds, bootstrap likelihood -31048.209692, best rearrangement setting 9
Bootstrap[81]: Time 6.281308 seconds, bootstrap likelihood -30928.948075, best rearrangement setting 15
Bootstrap[82]: Time 5.929470 seconds, bootstrap likelihood -31272.287198, best rearrangement setting 15
Bootstrap[83]: Time 5.815010 seconds, bootstrap likelihood -29610.088542, best rearrangement setting 8
Bootstrap[84]: Time 5.837622 seconds, bootstrap likelihood -31042.506683, best rearrangement setting 6
Bootstrap[85]: Time 5.927184 seconds, bootstrap likelihood -33229.399415, best rearrangement setting 9
Bootstrap[86]: Time 6.328883 seconds, bootstrap likelihood -30361.167382, best rearrangement setting 13
Bootstrap[87]: Time 5.574675 seconds, bootstrap likelihood -29280.763268, best rearrangement setting 12
Bootstrap[88]: Time 7.040018 seconds, bootstrap likelihood -32394.843359, best rearrangement setting 6
Bootstrap[89]: Time 6.426759 seconds, bootstrap likelihood -30468.917111, best rearrangement setting 5
Bootstrap[90]: Time 6.110112 seconds, bootstrap likelihood -30185.977691, best rearrangement setting 11
Bootstrap[91]: Time 5.892334 seconds, bootstrap likelihood -29245.326675, best rearrangement setting 12
Bootstrap[92]: Time 6.417945 seconds, bootstrap likelihood -30691.896838, best rearrangement setting 5
Bootstrap[93]: Time 6.106323 seconds, bootstrap likelihood -28478.226756, best rearrangement setting 8
Bootstrap[94]: Time 6.366528 seconds, bootstrap likelihood -30410.885561, best rearrangement setting 14
Bootstrap[95]: Time 5.650218 seconds, bootstrap likelihood -30643.158294, best rearrangement setting 8
Bootstrap[96]: Time 5.817026 seconds, bootstrap likelihood -30134.542834, best rearrangement setting 12
Bootstrap[97]: Time 5.318448 seconds, bootstrap likelihood -29740.039424, best rearrangement setting 12
Bootstrap[98]: Time 5.960845 seconds, bootstrap likelihood -30550.032326, best rearrangement setting 14
Bootstrap[99]: Time 5.498524 seconds, bootstrap likelihood -30990.988345, best rearrangement setting 11


Overall Time for 100 Rapid Bootstraps 474.503641 seconds
Average Time per Rapid Bootstrap 4.745036 seconds

Starting ML Search ...

Fast ML optimization finished

Fast ML search Time: 679.026074 seconds

Slow ML Search 0 Likelihood: -30889.403408
Slow ML Search 1 Likelihood: -30889.403407
Slow ML Search 2 Likelihood: -30889.403407
Slow ML Search 3 Likelihood: -30889.403407
Slow ML Search 4 Likelihood: -30889.915951
Slow ML Search 5 Likelihood: -30889.915951
Slow ML Search 6 Likelihood: -30889.915952
Slow ML Search 7 Likelihood: -30889.915951
Slow ML Search 8 Likelihood: -30889.915952
Slow ML Search 9 Likelihood: -30889.915952
Slow ML optimization finished

Slow ML search Time: 380.161304 seconds
Thorough ML search Time: 35.346510 seconds

Final ML Optimization Likelihood: -30889.403515

Model Information:

Model Parameters of Partition 0, Name: No Name Provided, Type of Data: AA
alpha: 1.169526
invar: 0.068262
Tree-Length: 22.002175
rate A <-> R: 0.705217
rate A <-> N: 0.651871
rate A <-> D: 0.944853
rate A <-> C: 1.313132
rate A <-> Q: 1.161697
rate A <-> E: 2.023768
rate A <-> G: 1.811361
rate A <-> H: 0.405245
rate A <-> I: 0.247190
rate A <-> L: 0.508758
rate A <-> K: 1.158714
rate A <-> M: 1.142388
rate A <-> F: 0.269129
rate A <-> P: 1.839272
rate A <-> S: 4.309757
rate A <-> T: 2.711966
rate A <-> W: 0.144647
rate A <-> Y: 0.307794
rate A <-> V: 2.564804
rate R <-> N: 0.812328
rate R <-> D: 0.188337
rate R <-> C: 0.675324
rate R <-> Q: 3.881068
rate R <-> E: 0.561488
rate R <-> G: 0.747529
rate R <-> H: 2.732474
rate R <-> I: 0.239064
rate R <-> L: 0.636302
rate R <-> K: 6.842111
rate R <-> M: 0.873463
rate R <-> F: 0.131322
rate R <-> P: 0.868767
rate R <-> S: 1.565200
rate R <-> T: 0.708850
rate R <-> W: 1.488141
rate R <-> Y: 0.487813
rate R <-> V: 0.322004
rate N <-> D: 6.941838
rate N <-> C: 0.339146
rate N <-> Q: 1.973636
rate N <-> E: 1.211049
rate N <-> G: 1.439096
rate N <-> H: 5.058353
rate N <-> I: 0.708624
rate N <-> L: 0.168166
rate N <-> K: 3.851035
rate N <-> M: 0.253437
rate N <-> F: 0.122949
rate N <-> P: 0.249423
rate N <-> S: 5.081291
rate N <-> T: 2.595553
rate N <-> W: 0.091950
rate N <-> Y: 1.388516
rate N <-> V: 0.250912
rate D <-> C: 0.038734
rate D <-> Q: 0.788594
rate D <-> E: 7.894033
rate D <-> G: 1.106701
rate D <-> H: 1.189925
rate D <-> I: 0.050423
rate D <-> L: 0.108428
rate D <-> K: 0.613523
rate D <-> M: 0.132656
rate D <-> F: 0.059748
rate D <-> P: 0.542089
rate D <-> S: 1.370309
rate D <-> T: 0.479289
rate D <-> W: 0.165915
rate D <-> Y: 0.416441
rate D <-> V: 0.194769
rate C <-> Q: 0.126345
rate C <-> E: 0.027300
rate C <-> G: 0.392101
rate C <-> H: 0.318326
rate C <-> I: 0.217528
rate C <-> L: 0.491334
rate C <-> K: 0.094657
rate C <-> M: 0.499255
rate C <-> F: 0.508892
rate C <-> P: 0.139880
rate C <-> S: 1.799778
rate C <-> T: 0.655881
rate C <-> W: 0.916817
rate C <-> Y: 0.695323
rate C <-> V: 1.281296
rate Q <-> E: 6.993045
rate Q <-> G: 0.421991
rate Q <-> H: 5.490277
rate Q <-> I: 0.145650
rate Q <-> L: 1.111694
rate Q <-> K: 4.979863
rate Q <-> M: 1.975707
rate Q <-> F: 0.127755
rate Q <-> P: 1.193372
rate Q <-> S: 1.315472
rate Q <-> T: 1.096912
rate Q <-> W: 0.275833
rate Q <-> Y: 0.291141
rate Q <-> V: 0.385206
rate E <-> G: 0.725860
rate E <-> H: 0.728811
rate E <-> I: 0.162882
rate E <-> L: 0.197234
rate E <-> K: 3.304348
rate E <-> M: 0.402905
rate E <-> F: 0.103735
rate E <-> P: 0.872432
rate E <-> S: 0.901307
rate E <-> T: 1.051954
rate E <-> W: 0.200167
rate E <-> Y: 0.250985
rate E <-> V: 0.752728
rate G <-> H: 0.318886
rate G <-> I: 0.038932
rate G <-> L: 0.078380
rate G <-> K: 0.477616
rate G <-> M: 0.222597
rate G <-> F: 0.063840
rate G <-> P: 0.311419
rate G <-> S: 1.715597
rate G <-> T: 0.288741
rate G <-> W: 0.430853
rate G <-> Y: 0.132464
rate G <-> V: 0.239406
rate H <-> I: 0.176684
rate H <-> L: 0.638592
rate H <-> K: 1.138471
rate H <-> M: 0.516718
rate H <-> F: 0.868616
rate H <-> P: 0.890131
rate H <-> S: 0.946350
rate H <-> T: 0.605151
rate H <-> W: 0.335710
rate H <-> Y: 4.952425
rate H <-> V: 0.151328
rate I <-> L: 4.054275
rate I <-> K: 0.414039
rate I <-> M: 5.443417
rate I <-> F: 1.354596
rate I <-> P: 0.127765
rate I <-> S: 0.408423
rate I <-> T: 1.864345
rate I <-> W: 0.271672
rate I <-> Y: 0.537212
rate I <-> V: 10.000000
rate L <-> K: 0.329299
rate L <-> M: 6.206155
rate L <-> F: 2.704371
rate L <-> P: 0.531681
rate L <-> S: 0.440769
rate L <-> T: 0.417606
rate L <-> W: 0.850637
rate L <-> Y: 0.509657
rate L <-> V: 2.301842
rate K <-> M: 1.194528
rate K <-> F: 0.113582
rate K <-> P: 0.712025
rate K <-> S: 1.236534
rate K <-> T: 1.773337
rate K <-> W: 0.175808
rate K <-> Y: 0.170386
rate K <-> V: 0.390516
rate M <-> F: 1.522292
rate M <-> P: 0.219054
rate M <-> S: 0.631487
rate M <-> T: 1.938450
rate M <-> W: 0.659361
rate M <-> Y: 0.547782
rate M <-> V: 2.631851
rate F <-> P: 0.206416
rate F <-> S: 0.698005
rate F <-> T: 0.219788
rate F <-> W: 1.955736
rate F <-> Y: 8.252183
rate F <-> V: 0.830926
rate P <-> S: 2.062675
rate P <-> T: 1.016946
rate P <-> W: 0.178238
rate P <-> Y: 0.276228
rate P <-> V: 0.402602
rate S <-> T: 5.597561
rate S <-> W: 0.669635
rate S <-> Y: 1.006218
rate S <-> V: 0.297571
rate T <-> W: 0.141746
rate T <-> Y: 0.372250
rate T <-> V: 1.774935
rate W <-> Y: 3.177720
rate W <-> V: 0.467146
rate Y <-> V: 0.402401

freq pi(A): 0.143502
freq pi(R): 0.075865
freq pi(N): 0.008684
freq pi(D): 0.054986
freq pi(C): 0.008371
freq pi(Q): 0.016790
freq pi(E): 0.058354
freq pi(G): 0.114037
freq pi(H): 0.015779
freq pi(I): 0.025329
freq pi(L): 0.095059
freq pi(K): 0.010031
freq pi(M): 0.015443
freq pi(F): 0.023765
freq pi(P): 0.068047
freq pi(S): 0.045100
freq pi(T): 0.053519
freq pi(W): 0.012749
freq pi(Y): 0.027998
freq pi(V): 0.126593


ML search took 1094.757211 secs or 0.304099 hours

Combined Bootstrap and ML search took 1569.262643 secs or 0.435906 hours

Drawing Bootstrap Support Values on best-scoring ML tree ...



Found 1 tree in File /home/monti005/thesis/PIPELINE/feglymycin/RAxML_bestTree.RaxML_MUSCLE_Glycopeptide_AT_domain.fasta.out



Found 1 tree in File /home/monti005/thesis/PIPELINE/feglymycin/RAxML_bestTree.RaxML_MUSCLE_Glycopeptide_AT_domain.fasta.out

Program execution info written to /home/monti005/thesis/PIPELINE/feglymycin/RAxML_info.RaxML_MUSCLE_Glycopeptide_AT_domain.fasta.out
All 100 bootstrapped trees written to: /home/monti005/thesis/PIPELINE/feglymycin/RAxML_bootstrap.RaxML_MUSCLE_Glycopeptide_AT_domain.fasta.out

Best-scoring ML tree written to: /home/monti005/thesis/PIPELINE/feglymycin/RAxML_bestTree.RaxML_MUSCLE_Glycopeptide_AT_domain.fasta.out

Best-scoring ML tree with support values written to: /home/monti005/thesis/PIPELINE/feglymycin/RAxML_bipartitions.RaxML_MUSCLE_Glycopeptide_AT_domain.fasta.out

Best-scoring ML tree with support values as branch labels written to: /home/monti005/thesis/PIPELINE/feglymycin/RAxML_bipartitionsBranchLabels.RaxML_MUSCLE_Glycopeptide_AT_domain.fasta.out

Overall execution time for full ML analysis: 1569.309686 secs or 0.435919 hours or 0.018163 days

